<?xml version="1.0" encoding="UTF-8"?>
<!-- Generated by org.testng.reporters.JUnitXMLReporter -->
<testsuite hostname="Durai-LT" name="Where the work is Test" tests="69" failures="0" timestamp="2 Apr 2020 11:45:55 GMT" time="235.773" errors="0">
  <testcase name="methodologyCsvDataFileDownloadTest" time="8.505" classname="com.whertheworkis.qa.testcase.MethodologyPageTest"/>
  <testcase name="methodologyCsvDataFilePresentTest" time="0.067" classname="com.whertheworkis.qa.testcase.MethodologyPageTest"/>
  <testcase name="methodologyDataDictionayFileDownloadTest" time="8.101" classname="com.whertheworkis.qa.testcase.MethodologyPageTest"/>
  <testcase name="methodologyDataDictionayFilePresentTest" time="0.101" classname="com.whertheworkis.qa.testcase.MethodologyPageTest"/>
  <testcase name="mouseHoverOnLineChartTest" time="0.392" classname="com.whertheworkis.qa.testcase.OccupationPopupWindowTest"/>
  <testcase name="mouseHoverOnPieChartTest" time="0.319" classname="com.whertheworkis.qa.testcase.OccupationPopupWindowTest"/>
  <testcase name="occupationPopupTitleTest" time="0.025" classname="com.whertheworkis.qa.testcase.OccupationPopupWindowTest"/>
  <testcase name="occupationProfilePieChartPresentTest" time="0.037" classname="com.whertheworkis.qa.testcase.OccupationPopupWindowTest"/>
  <testcase name="popupCloseButtonTest" time="0.094" classname="com.whertheworkis.qa.testcase.OccupationPopupWindowTest"/>
  <testcase name="projectedLineChartPresentTest" time="0.031" classname="com.whertheworkis.qa.testcase.OccupationPopupWindowTest"/>
  <testcase name="occupationDetailMapPresentTest" time="0.031" classname="com.whertheworkis.qa.testcase.JobConcentrationPopupWindowTest"/>
  <testcase name="occupationNamePresentTest" time="0.029" classname="com.whertheworkis.qa.testcase.JobConcentrationPopupWindowTest"/>
  <testcase name="mapLengendPresentTest" time="0.029" classname="com.whertheworkis.qa.testcase.JobConcentrationPopupWindowTest"/>
  <testcase name="mapLepOrCityRegionRadioButtonSelectedTest" time="0.137" classname="com.whertheworkis.qa.testcase.JobConcentrationPopupWindowTest"/>
  <testcase name="mapNationOrRegionRadioButtonSelectedTest" time="0.098" classname="com.whertheworkis.qa.testcase.JobConcentrationPopupWindowTest"/>
  <testcase name="mapLocationMouseHoverTest" time="0.35" classname="com.whertheworkis.qa.testcase.JobConcentrationPopupWindowTest"/>
  <testcase name="jobConcentrationPopupCloseButtonTest" time="0.093" classname="com.whertheworkis.qa.testcase.JobConcentrationPopupWindowTest"/>
  <testcase name="csvDataFileDownloadTest" time="8.456" classname="com.whertheworkis.qa.testcase.AboutPageTest"/>
  <testcase name="csvDataFilePresentTest" time="0.062" classname="com.whertheworkis.qa.testcase.AboutPageTest"/>
  <testcase name="dataDictionayFileDownloadTest" time="8.153" classname="com.whertheworkis.qa.testcase.AboutPageTest"/>
  <testcase name="dataDictionayFilePresentTest" time="0.039" classname="com.whertheworkis.qa.testcase.AboutPageTest"/>
  <testcase name="occupationTablePresentTest" time="0.039" classname="com.whertheworkis.qa.testcase.ProspectsAcrossLocationsPageTest"/>
  <testcase name="dropDownDefaultSelectedOccupationTest" time="0.045" classname="com.whertheworkis.qa.testcase.ProspectsAcrossLocationsPageTest"/>
  <testcase name="nationOrRegionRadioButtonTest" time="0.024" classname="com.whertheworkis.qa.testcase.ProspectsAcrossLocationsPageTest"/>
  <testcase name="lepareaOrCityRegionRadioButtonTest" time="0.187" classname="com.whertheworkis.qa.testcase.ProspectsAcrossLocationsPageTest"/>
  <testcase name="jobConcentrationMapButtonPresentTest" time="0.038" classname="com.whertheworkis.qa.testcase.ProspectsAcrossLocationsPageTest"/>
  <testcase name="backButtonTest" time="1.121" classname="com.whertheworkis.qa.testcase.ProspectsAcrossLocationsPageTest"/>
  <testcase name="jobConcentrationMapPopupPresentTest" time="1.106" classname="com.whertheworkis.qa.testcase.ProspectsAcrossLocationsPageTest"/>
  <testcase name="homePageLogoTest" time="0.056" classname="com.whertheworkis.qa.testcase.HomePageTest"/>
  <testcase name="homePageTitleTest" time="0.03" classname="com.whertheworkis.qa.testcase.HomePageTest"/>
  <testcase name="homePageHeaderSectionTest" time="0.044" classname="com.whertheworkis.qa.testcase.HomePageTest"/>
  <testcase name="aboutLinkTextPresentTest" time="0.039" classname="com.whertheworkis.qa.testcase.HomePageTest"/>
  <testcase name="relatedResearchPageLinkTextPresentTest" time="0.029" classname="com.whertheworkis.qa.testcase.HomePageTest"/>
  <testcase name="methodologyPageLinkTextPresentTest" time="0.029" classname="com.whertheworkis.qa.testcase.HomePageTest"/>
  <testcase name="whatcanthistoolshowPageLinkTextPresentTest" time="0.036" classname="com.whertheworkis.qa.testcase.HomePageTest"/>
  <testcase name="defaultLocationSeclectedTest" time="0.033" classname="com.whertheworkis.qa.testcase.HomePageTest"/>
  <testcase name="occupationGroupsInformationPresentTest" time="0.028" classname="com.whertheworkis.qa.testcase.HomePageTest"/>
  <testcase name="showallButtonPresentTest" time="0.029" classname="com.whertheworkis.qa.testcase.HomePageTest"/>
  <testcase name="occupationGroupsDashboardHelperPresentTest" time="0.056" classname="com.whertheworkis.qa.testcase.HomePageTest"/>
  <testcase name="occupationGroupsBarChartHelperPresentTest" time="0.046" classname="com.whertheworkis.qa.testcase.HomePageTest"/>
  <testcase name="occupationGroupsBarChartAxisPresentTest" time="0.054" classname="com.whertheworkis.qa.testcase.HomePageTest"/>
  <testcase name="clickToHideBarChartLengentPresentTest" time="0.027" classname="com.whertheworkis.qa.testcase.HomePageTest"/>
  <testcase name="barChartHigherEducationLenegntVisibilityTest" time="0.104" classname="com.whertheworkis.qa.testcase.HomePageTest"/>
  <testcase name="barChartFutherEducationLegentVisibilityTest" time="0.114" classname="com.whertheworkis.qa.testcase.HomePageTest"/>
  <testcase name="barChartSchoolLeaversLegentVisibilityTest" time="0.116" classname="com.whertheworkis.qa.testcase.HomePageTest"/>
  <testcase name="bubbleChartPresentTest" time="0.052" classname="com.whertheworkis.qa.testcase.HomePageTest"/>
  <testcase name="bubbleChartFootnotePresentTest" time="0.034" classname="com.whertheworkis.qa.testcase.HomePageTest"/>
  <testcase name="footerSectionLogoPresentTest" time="0.088" classname="com.whertheworkis.qa.testcase.HomePageTest"/>
  <testcase name="barChartDataClassificationTest" time="0.069" classname="com.whertheworkis.qa.testcase.HomePageTest"/>
  <testcase name="barChartToolTipTest" time="1.068" classname="com.whertheworkis.qa.testcase.HomePageTest"/>
  <testcase name="barChartJobOpeningToolTipTest" time="0.027" classname="com.whertheworkis.qa.testcase.HomePageTest"/>
  <testcase name="bubbleChartToolTipTest" time="0.309" classname="com.whertheworkis.qa.testcase.HomePageTest"/>
  <testcase name="bubbleChartSalaryToolTipTest" time="0.025" classname="com.whertheworkis.qa.testcase.HomePageTest"/>
  <testcase name="bubbleChartOpportunityToolTipTest" time="0.025" classname="com.whertheworkis.qa.testcase.HomePageTest"/>
  <testcase name="bubbleChartEducationDropDownToolTipTest" time="0.026" classname="com.whertheworkis.qa.testcase.HomePageTest"/>
  <testcase name="bubbleChartEducationDropDownMenuTest" time="0.264" classname="com.whertheworkis.qa.testcase.HomePageTest"/>
  <testcase name="dropDownMenuLocationSelecableTest" time="1.005" classname="com.whertheworkis.qa.testcase.HomePageTest"/>
  <testcase name="mouseHoverOnDashboardOccupationGroupsTest" time="1.336" classname="com.whertheworkis.qa.testcase.HomePageTest"/>
  <testcase name="mouseHoverOnBarChartOccupationGroupsTest" time="1.347" classname="com.whertheworkis.qa.testcase.HomePageTest"/>
  <testcase name="mouseHoverOnBubbleChartOccupationGroupsTest" time="1.251" classname="com.whertheworkis.qa.testcase.HomePageTest"/>
  <testcase name="mouseClickOnOccupationGroupDashboardTest" time="0.922" classname="com.whertheworkis.qa.testcase.HomePageTest"/>
  <testcase name="barChartTitleTest" time="0.951" classname="com.whertheworkis.qa.testcase.HomePageTest"/>
  <testcase name="bubbleChartDataTest" time="1.465" classname="com.whertheworkis.qa.testcase.HomePageTest"/>
  <testcase name="barChartMouseHoverOnOccupationTest" time="1.398" classname="com.whertheworkis.qa.testcase.HomePageTest"/>
  <testcase name="bubbleChartMouseHoverOnOccupationTest" time="1.158" classname="com.whertheworkis.qa.testcase.HomePageTest"/>
  <testcase name="showallButtonFunctionTest" time="1.466" classname="com.whertheworkis.qa.testcase.HomePageTest"/>
  <testcase name="mouseClickBarChartOccupationGroupTest" time="2.154" classname="com.whertheworkis.qa.testcase.HomePageTest"/>
  <testcase name="barChartPopupWindowOpenTest" time="1.633" classname="com.whertheworkis.qa.testcase.HomePageTest"/>
  <testcase name="bubbleChartPopupWindowOpenTest" time="2.832" classname="com.whertheworkis.qa.testcase.HomePageTest"/>
</testsuite> <!-- Where the work is Test -->
